<?xml version="1.0" encoding="UTF-8"?>
<testsuite xmlns:xsi="http://www.w3.org/2001/XMLSchema-instance" xsi:noNamespaceSchemaLocation="https://maven.apache.org/surefire/maven-surefire-plugin/xsd/surefire-test-report-3.0.xsd" version="3.0" name="TestSuite" time="271.301" tests="4" errors="0" skipped="0" failures="1">
  <properties>
[...]
</properties>
  <testcase name="FillDetialsUsingDataProvider" classname="Selenium" time="1.713"/>
  <testcase name="FillDetialsUsingDataProvider" classname="Selenium" time="1.804"/>
  <testcase name="FillDetialsUsingParameter" classname="Selenium" time="1.967"/>
  <testcase name="FIllDetailsFromExcelAndWriteInExcel" classname="Selenium" time="3.177">
    <failure type="java.lang.NullPointerException"><![CDATA[java.lang.NullPointerException
	at Selenium.FIllDetailsFromExcelAndWriteInExcel(Selenium.java:104)
]]></failure>
    <system-out><![CDATA[2020-05-23 11:40:26-main[ mainid]  INFO  Selenium:31 -Current url is https://www.google.com/intl/en-GB/gmail/about/
2020-05-23 11:40:26-main[ mainid]  INFO  Selenium:32 -Site opened successfully
2020-05-23 11:40:35-main[ mainid]  INFO  Selenium:38 -Current url is https://accounts.google.com/signup/v2/webcreateaccount?service=mail&continue=https%3A%2F%2Fmail.google.com%2Fmail%2F%3Fpc%3Dtopnav-about-n-en&flowName=GlifWebSignIn&flowEntry=SignUp
]]></system-out>
    <system-err><![CDATA[1590214195608	Marionette	INFO	Stopped listening on port 51999
JavaScript error: resource://gre/modules/UpdateTimerManager.jsm, line 352: TypeError: setting getter-only property "gLogEnabled"
JavaScript error: resource://gre/modules/ModulesPing.jsm, line 70: NS_ERROR_XPC_JAVASCRIPT_ERROR_WITH_DETAILS: [JavaScript Error: "setting getter-only property "gLogEnabled"" {file: "resource://gre/modules/UpdateTimerManager.jsm" line: 352}]'[JavaScript Error: "setting getter-only property "gLogEnabled"" {file: "resource://gre/modules/UpdateTimerManager.jsm" line: 352}]' when calling method: [nsIUpdateTimerManager::registerTimer]
1590214202730	mozrunner::runner	INFO	Running command: "C:\\Program Files\\Mozilla Firefox\\firefox.exe" "-marionette" "-foreground" "-no-remote" "-profile" "C:\\Users\\admin\\AppData\\Local\\Temp\\rust_mozprofileOuA94T"
1590214204761	addons.webextension.doh-rollout@mozilla.org	WARN	Loading extension 'doh-rollout@mozilla.org': Reading manifest: Invalid extension permission: networkStatus
1590214206691	addons.webextension.screenshots@mozilla.org	WARN	Loading extension 'screenshots@mozilla.org': Reading manifest: Invalid extension permission: mozillaAddons
1590214206692	addons.webextension.screenshots@mozilla.org	WARN	Loading extension 'screenshots@mozilla.org': Reading manifest: Invalid extension permission: telemetry
1590214206692	addons.webextension.screenshots@mozilla.org	WARN	Loading extension 'screenshots@mozilla.org': Reading manifest: Invalid extension permission: resource://pdf.js/
1590214206692	addons.webextension.screenshots@mozilla.org	WARN	Loading extension 'screenshots@mozilla.org': Reading manifest: Invalid extension permission: about:reader*
JavaScript error: resource://gre/modules/XULStore.jsm, line 66: Error: Can't find profile directory.
1590214211933	Marionette	INFO	Listening on port 52082
1590214212148	Marionette	WARN	TLS certificate errors will be ignored for this session
May 23, 2020 11:40:12 AM org.openqa.selenium.remote.ProtocolHandshake createSession
INFO: Detected dialect: W3C
]]></system-err>
  </testcase>
</testsuite>