<?xml version="1.0" encoding="UTF-8"?>
<testng-results skipped="0" failed="1" ignored="0" total="4" passed="3">
  <reporter-output>
  </reporter-output>
  <suite name="All Test Suite" duration-ms="268870" started-at="2020-05-23T06:06:25Z" finished-at="2020-05-23T06:10:54Z">
    <groups>
    </groups>
    <test name="test1" duration-ms="268870" started-at="2020-05-23T06:06:25Z" finished-at="2020-05-23T06:10:54Z">
      <class name="Selenium">
        <test-method status="PASS" signature="setup()[pri:0, instance:Selenium@7225790e]" name="setup" is-config="true" duration-ms="83301" started-at="2020-05-23T06:06:26Z" finished-at="2020-05-23T06:07:49Z">
          <reporter-output>
          </reporter-output>
        </test-method> <!-- setup -->
        <test-method status="PASS" signature="FillDetialsUsingDataProvider(java.lang.String, java.lang.String, java.lang.String, java.lang.String, java.lang.String)[pri:0, instance:Selenium@7225790e]" name="FillDetialsUsingDataProvider" duration-ms="1716" started-at="2020-05-23T06:07:49Z" data-provider="signup" finished-at="2020-05-23T06:07:51Z">
          <params>
            <param index="0">
              <value>
                <![CDATA[fname1]]>
              </value>
            </param>
            <param index="1">
              <value>
                <![CDATA[lname1]]>
              </value>
            </param>
            <param index="2">
              <value>
                <![CDATA[username1]]>
              </value>
            </param>
            <param index="3">
              <value>
                <![CDATA[password1@]]>
              </value>
            </param>
            <param index="4">
              <value>
                <![CDATA[password1@]]>
              </value>
            </param>
          </params>
          <reporter-output>
          </reporter-output>
        </test-method> <!-- FillDetialsUsingDataProvider -->
        <test-method status="PASS" signature="teardown()[pri:0, instance:Selenium@7225790e]" name="teardown" is-config="true" duration-ms="6882" started-at="2020-05-23T06:07:51Z" finished-at="2020-05-23T06:07:57Z">
          <reporter-output>
          </reporter-output>
        </test-method> <!-- teardown -->
        <test-method status="PASS" signature="setup()[pri:0, instance:Selenium@7225790e]" name="setup" is-config="true" duration-ms="44263" started-at="2020-05-23T06:07:57Z" finished-at="2020-05-23T06:08:42Z">
          <reporter-output>
          </reporter-output>
        </test-method> <!-- setup -->
        <test-method status="PASS" signature="FillDetialsUsingDataProvider(java.lang.String, java.lang.String, java.lang.String, java.lang.String, java.lang.String)[pri:0, instance:Selenium@7225790e]" name="FillDetialsUsingDataProvider" duration-ms="1804" started-at="2020-05-23T06:08:42Z" data-provider="signup" finished-at="2020-05-23T06:08:44Z">
          <params>
            <param index="0">
              <value>
                <![CDATA[fname2]]>
              </value>
            </param>
            <param index="1">
              <value>
                <![CDATA[lname2]]>
              </value>
            </param>
            <param index="2">
              <value>
                <![CDATA[username2]]>
              </value>
            </param>
            <param index="3">
              <value>
                <![CDATA[password2@]]>
              </value>
            </param>
            <param index="4">
              <value>
                <![CDATA[password2@]]>
              </value>
            </param>
          </params>
          <reporter-output>
          </reporter-output>
        </test-method> <!-- FillDetialsUsingDataProvider -->
        <test-method status="PASS" signature="teardown()[pri:0, instance:Selenium@7225790e]" name="teardown" is-config="true" duration-ms="7737" started-at="2020-05-23T06:08:44Z" finished-at="2020-05-23T06:08:51Z">
          <reporter-output>
          </reporter-output>
        </test-method> <!-- teardown -->
        <test-method status="PASS" signature="setup()[pri:0, instance:Selenium@7225790e]" name="setup" is-config="true" duration-ms="61808" started-at="2020-05-23T06:08:51Z" finished-at="2020-05-23T06:09:53Z">
          <reporter-output>
          </reporter-output>
        </test-method> <!-- setup -->
        <test-method status="PASS" signature="FillDetialsUsingParameter(java.lang.String, java.lang.String, java.lang.String, java.lang.String, java.lang.String)[pri:0, instance:Selenium@7225790e]" name="FillDetialsUsingParameter" duration-ms="1966" started-at="2020-05-23T06:09:53Z" finished-at="2020-05-23T06:09:55Z">
          <params>
            <param index="0">
              <value>
                <![CDATA[puneet]]>
              </value>
            </param>
            <param index="1">
              <value>
                <![CDATA[sharma]]>
              </value>
            </param>
            <param index="2">
              <value>
                <![CDATA[puneetnikku099]]>
              </value>
            </param>
            <param index="3">
              <value>
                <![CDATA[tester@123]]>
              </value>
            </param>
            <param index="4">
              <value>
                <![CDATA[tester@123]]>
              </value>
            </param>
          </params>
          <reporter-output>
          </reporter-output>
        </test-method> <!-- FillDetialsUsingParameter -->
        <test-method status="PASS" signature="teardown()[pri:0, instance:Selenium@7225790e]" name="teardown" is-config="true" duration-ms="6503" started-at="2020-05-23T06:09:55Z" finished-at="2020-05-23T06:10:02Z">
          <reporter-output>
          </reporter-output>
        </test-method> <!-- teardown -->
        <test-method status="PASS" signature="setup()[pri:0, instance:Selenium@7225790e]" name="setup" is-config="true" duration-ms="42848" started-at="2020-05-23T06:10:02Z" finished-at="2020-05-23T06:10:44Z">
          <reporter-output>
          </reporter-output>
        </test-method> <!-- setup -->
        <test-method status="FAIL" signature="FIllDetailsFromExcelAndWriteInExcel()[pri:1, instance:Selenium@7225790e]" name="FIllDetailsFromExcelAndWriteInExcel" duration-ms="3131" started-at="2020-05-23T06:10:44Z" finished-at="2020-05-23T06:10:48Z">
          <exception class="java.lang.NullPointerException">
            <full-stacktrace>
              <![CDATA[java.lang.NullPointerException
at Selenium.FIllDetailsFromExcelAndWriteInExcel(Selenium.java:104)
at sun.reflect.NativeMethodAccessorImpl.invoke0(Native Method)
at sun.reflect.NativeMethodAccessorImpl.invoke(NativeMethodAccessorImpl.java:62)
at sun.reflect.DelegatingMethodAccessorImpl.invoke(DelegatingMethodAccessorImpl.java:43)
at java.lang.reflect.Method.invoke(Method.java:498)
at org.testng.internal.MethodInvocationHelper.invokeMethod(MethodInvocationHelper.java:124)
at org.testng.internal.Invoker.invokeMethod(Invoker.java:583)
at org.testng.internal.Invoker.invokeTestMethod(Invoker.java:719)
at org.testng.internal.Invoker.invokeTestMethods(Invoker.java:989)
at org.testng.internal.TestMethodWorker.invokeTestMethods(TestMethodWorker.java:125)
at org.testng.internal.TestMethodWorker.run(TestMethodWorker.java:109)
at org.testng.TestRunner.privateRun(TestRunner.java:648)
at org.testng.TestRunner.run(TestRunner.java:505)
at org.testng.SuiteRunner.runTest(SuiteRunner.java:455)
at org.testng.SuiteRunner.runSequentially(SuiteRunner.java:450)
at org.testng.SuiteRunner.privateRun(SuiteRunner.java:415)
at org.testng.SuiteRunner.run(SuiteRunner.java:364)
at org.testng.SuiteRunnerWorker.runSuite(SuiteRunnerWorker.java:52)
at org.testng.SuiteRunnerWorker.run(SuiteRunnerWorker.java:84)
at org.testng.TestNG.runSuitesSequentially(TestNG.java:1208)
at org.testng.TestNG.runSuitesLocally(TestNG.java:1137)
at org.testng.TestNG.runSuites(TestNG.java:1049)
at org.testng.TestNG.run(TestNG.java:1017)
at org.apache.maven.surefire.testng.TestNGExecutor.run(TestNGExecutor.java:283)
at org.apache.maven.surefire.testng.TestNGXmlTestSuite.execute(TestNGXmlTestSuite.java:75)
at org.apache.maven.surefire.testng.TestNGProvider.invoke(TestNGProvider.java:120)
at org.apache.maven.surefire.booter.ForkedBooter.runSuitesInProcess(ForkedBooter.java:377)
at org.apache.maven.surefire.booter.ForkedBooter.execute(ForkedBooter.java:138)
at org.apache.maven.surefire.booter.ForkedBooter.run(ForkedBooter.java:465)
at org.apache.maven.surefire.booter.ForkedBooter.main(ForkedBooter.java:451)
]]>
            </full-stacktrace>
          </exception> <!-- java.lang.NullPointerException -->
          <reporter-output>
          </reporter-output>
        </test-method> <!-- FIllDetailsFromExcelAndWriteInExcel -->
        <test-method status="PASS" signature="teardown()[pri:0, instance:Selenium@7225790e]" name="teardown" is-config="true" duration-ms="6744" started-at="2020-05-23T06:10:48Z" finished-at="2020-05-23T06:10:54Z">
          <reporter-output>
          </reporter-output>
        </test-method> <!-- teardown -->
      </class> <!-- Selenium -->
    </test> <!-- test1 -->
  </suite> <!-- All Test Suite -->
</testng-results>
