<?xml version="1.0" encoding="UTF-8"?>
<testng-results skipped="0" failed="0" ignored="0" total="4" passed="4">
  <reporter-output>
  </reporter-output>
  <suite name="All Test Suite" duration-ms="242349" started-at="2020-05-23T07:16:26Z" finished-at="2020-05-23T07:20:28Z">
    <groups>
    </groups>
    <test name="test1" duration-ms="242349" started-at="2020-05-23T07:16:26Z" finished-at="2020-05-23T07:20:28Z">
      <class name="Selenium">
        <test-method status="PASS" signature="setup()[pri:0, instance:Selenium@34b7bfc0]" name="setup" is-config="true" duration-ms="58124" started-at="2020-05-23T07:16:26Z" finished-at="2020-05-23T07:17:24Z">
          <reporter-output>
          </reporter-output>
        </test-method> <!-- setup -->
        <test-method status="PASS" signature="FIllDetailsFromExcelAndWriteInExcel()[pri:0, instance:Selenium@34b7bfc0]" name="FIllDetailsFromExcelAndWriteInExcel" duration-ms="7320" started-at="2020-05-23T07:17:24Z" finished-at="2020-05-23T07:17:31Z">
          <reporter-output>
          </reporter-output>
        </test-method> <!-- FIllDetailsFromExcelAndWriteInExcel -->
        <test-method status="PASS" signature="teardown()[pri:0, instance:Selenium@34b7bfc0]" name="teardown" is-config="true" duration-ms="5902" started-at="2020-05-23T07:17:31Z" finished-at="2020-05-23T07:17:37Z">
          <reporter-output>
          </reporter-output>
        </test-method> <!-- teardown -->
        <test-method status="PASS" signature="setup()[pri:0, instance:Selenium@34b7bfc0]" name="setup" is-config="true" duration-ms="51824" started-at="2020-05-23T07:17:37Z" finished-at="2020-05-23T07:18:29Z">
          <reporter-output>
          </reporter-output>
        </test-method> <!-- setup -->
        <test-method status="PASS" signature="FillDetialsUsingDataProvider(java.lang.String, java.lang.String, java.lang.String, java.lang.String, java.lang.String)[pri:0, instance:Selenium@34b7bfc0]" name="FillDetialsUsingDataProvider" duration-ms="1720" started-at="2020-05-23T07:18:29Z" data-provider="signup" finished-at="2020-05-23T07:18:31Z">
          <params>
            <param index="0">
              <value>
                <![CDATA[fname1]]>
              </value>
            </param>
            <param index="1">
              <value>
                <![CDATA[lname1]]>
              </value>
            </param>
            <param index="2">
              <value>
                <![CDATA[username1]]>
              </value>
            </param>
            <param index="3">
              <value>
                <![CDATA[password1@]]>
              </value>
            </param>
            <param index="4">
              <value>
                <![CDATA[password1@]]>
              </value>
            </param>
          </params>
          <reporter-output>
          </reporter-output>
        </test-method> <!-- FillDetialsUsingDataProvider -->
        <test-method status="PASS" signature="teardown()[pri:0, instance:Selenium@34b7bfc0]" name="teardown" is-config="true" duration-ms="7813" started-at="2020-05-23T07:18:31Z" finished-at="2020-05-23T07:18:38Z">
          <reporter-output>
          </reporter-output>
        </test-method> <!-- teardown -->
        <test-method status="PASS" signature="setup()[pri:0, instance:Selenium@34b7bfc0]" name="setup" is-config="true" duration-ms="48581" started-at="2020-05-23T07:18:38Z" finished-at="2020-05-23T07:19:27Z">
          <reporter-output>
          </reporter-output>
        </test-method> <!-- setup -->
        <test-method status="PASS" signature="FillDetialsUsingDataProvider(java.lang.String, java.lang.String, java.lang.String, java.lang.String, java.lang.String)[pri:0, instance:Selenium@34b7bfc0]" name="FillDetialsUsingDataProvider" duration-ms="1716" started-at="2020-05-23T07:19:27Z" data-provider="signup" finished-at="2020-05-23T07:19:29Z">
          <params>
            <param index="0">
              <value>
                <![CDATA[fname2]]>
              </value>
            </param>
            <param index="1">
              <value>
                <![CDATA[lname2]]>
              </value>
            </param>
            <param index="2">
              <value>
                <![CDATA[username2]]>
              </value>
            </param>
            <param index="3">
              <value>
                <![CDATA[password2@]]>
              </value>
            </param>
            <param index="4">
              <value>
                <![CDATA[password2@]]>
              </value>
            </param>
          </params>
          <reporter-output>
          </reporter-output>
        </test-method> <!-- FillDetialsUsingDataProvider -->
        <test-method status="PASS" signature="teardown()[pri:0, instance:Selenium@34b7bfc0]" name="teardown" is-config="true" duration-ms="5738" started-at="2020-05-23T07:19:29Z" finished-at="2020-05-23T07:19:34Z">
          <reporter-output>
          </reporter-output>
        </test-method> <!-- teardown -->
        <test-method status="PASS" signature="setup()[pri:0, instance:Selenium@34b7bfc0]" name="setup" is-config="true" duration-ms="46401" started-at="2020-05-23T07:19:34Z" finished-at="2020-05-23T07:20:21Z">
          <reporter-output>
          </reporter-output>
        </test-method> <!-- setup -->
        <test-method status="PASS" signature="FillDetialsUsingParameter(java.lang.String, java.lang.String, java.lang.String, java.lang.String, java.lang.String)[pri:0, instance:Selenium@34b7bfc0]" name="FillDetialsUsingParameter" duration-ms="1836" started-at="2020-05-23T07:20:21Z" finished-at="2020-05-23T07:20:23Z">
          <params>
            <param index="0">
              <value>
                <![CDATA[puneet]]>
              </value>
            </param>
            <param index="1">
              <value>
                <![CDATA[sharma]]>
              </value>
            </param>
            <param index="2">
              <value>
                <![CDATA[puneetnikku099]]>
              </value>
            </param>
            <param index="3">
              <value>
                <![CDATA[tester@123]]>
              </value>
            </param>
            <param index="4">
              <value>
                <![CDATA[tester@123]]>
              </value>
            </param>
          </params>
          <reporter-output>
          </reporter-output>
        </test-method> <!-- FillDetialsUsingParameter -->
        <test-method status="PASS" signature="teardown()[pri:0, instance:Selenium@34b7bfc0]" name="teardown" is-config="true" duration-ms="5296" started-at="2020-05-23T07:20:23Z" finished-at="2020-05-23T07:20:28Z">
          <reporter-output>
          </reporter-output>
        </test-method> <!-- teardown -->
      </class> <!-- Selenium -->
    </test> <!-- test1 -->
  </suite> <!-- All Test Suite -->
</testng-results>
