<?xml version="1.0" encoding="UTF-8"?>
<!-- Generated by org.testng.reporters.JUnitXMLReporter -->
<testsuite hostname="DESKTOP-2AKDMFS" ignored="0" tests="4" failures="0" timestamp="23 May 2020 07:20:28 GMT" time="242.349" errors="0">
  <testcase name="FIllDetailsFromExcelAndWriteInExcel" time="7.32" classname="Selenium"/>
  <testcase name="FillDetialsUsingDataProvider" time="1.72" classname="Selenium"/>
  <testcase name="FillDetialsUsingDataProvider" time="1.716" classname="Selenium"/>
  <testcase name="FillDetialsUsingParameter" time="1.836" classname="Selenium"/>
</testsuite>
