<?xml version="1.0" encoding="UTF-8"?>
<!-- Generated by org.testng.reporters.JUnitXMLReporter -->
<testsuite hostname="DESKTOP-2AKDMFS" ignored="3" tests="0" failures="0" timestamp="26 May 2020 03:41:47 GMT" time="0.028" errors="0">
  <testcase name="FIllDetailsFromExcelAndWriteInExcel" time="0.0" classname="Selenium">
    <ignored/>
  </testcase> <!-- FIllDetailsFromExcelAndWriteInExcel -->
  <testcase name="FillDetialsUsingParameter" time="0.0" classname="Selenium">
    <ignored/>
  </testcase> <!-- FillDetialsUsingParameter -->
  <testcase name="FillDetialsUsingDataProvider" time="0.0" classname="Selenium">
    <ignored/>
  </testcase> <!-- FillDetialsUsingDataProvider -->
</testsuite>
